<?xml version="1.0" encoding="UTF-8"?>
<testsuite xmlns:xsi="http://www.w3.org/2001/XMLSchema-instance" xsi:noNamespaceSchemaLocation="https://maven.apache.org/surefire/maven-surefire-plugin/xsd/surefire-test-report-3.0.xsd" version="3.0" name="TestSuite" time="0.613" tests="2" errors="0" skipped="2" failures="0">
  <properties>
    <property name="java.specification.version" value="17"/>
    <property name="sun.cpu.isalist" value="amd64"/>
    <property name="sun.jnu.encoding" value="Cp1252"/>
    <property name="java.class.path" value="C:\Users\srinu\eclipse-workspace\EcommerceApplication\target\test-classes;C:\Users\srinu\eclipse-workspace\EcommerceApplication\target\classes;C:\Users\srinu\.m2\repository\junit\junit\4.11\junit-4.11.jar;C:\Users\srinu\.m2\repository\org\hamcrest\hamcrest-core\1.3\hamcrest-core-1.3.jar;C:\Users\srinu\.m2\repository\org\seleniumhq\selenium\selenium-java\4.18.1\selenium-java-4.18.1.jar;C:\Users\srinu\.m2\repository\org\seleniumhq\selenium\selenium-api\4.18.1\selenium-api-4.18.1.jar;C:\Users\srinu\.m2\repository\org\seleniumhq\selenium\selenium-chrome-driver\4.18.1\selenium-chrome-driver-4.18.1.jar;C:\Users\srinu\.m2\repository\com\google\auto\service\auto-service-annotations\1.1.1\auto-service-annotations-1.1.1.jar;C:\Users\srinu\.m2\repository\org\seleniumhq\selenium\selenium-chromium-driver\4.18.1\selenium-chromium-driver-4.18.1.jar;C:\Users\srinu\.m2\repository\org\seleniumhq\selenium\selenium-json\4.18.1\selenium-json-4.18.1.jar;C:\Users\srinu\.m2\repository\org\seleniumhq\selenium\selenium-manager\4.18.1\selenium-manager-4.18.1.jar;C:\Users\srinu\.m2\repository\org\seleniumhq\selenium\selenium-devtools-v120\4.18.1\selenium-devtools-v120-4.18.1.jar;C:\Users\srinu\.m2\repository\org\seleniumhq\selenium\selenium-devtools-v121\4.18.1\selenium-devtools-v121-4.18.1.jar;C:\Users\srinu\.m2\repository\org\seleniumhq\selenium\selenium-devtools-v122\4.18.1\selenium-devtools-v122-4.18.1.jar;C:\Users\srinu\.m2\repository\org\seleniumhq\selenium\selenium-devtools-v85\4.18.1\selenium-devtools-v85-4.18.1.jar;C:\Users\srinu\.m2\repository\org\seleniumhq\selenium\selenium-edge-driver\4.18.1\selenium-edge-driver-4.18.1.jar;C:\Users\srinu\.m2\repository\org\seleniumhq\selenium\selenium-firefox-driver\4.18.1\selenium-firefox-driver-4.18.1.jar;C:\Users\srinu\.m2\repository\org\seleniumhq\selenium\selenium-http\4.18.1\selenium-http-4.18.1.jar;C:\Users\srinu\.m2\repository\dev\failsafe\failsafe\3.3.2\failsafe-3.3.2.jar;C:\Users\srinu\.m2\repository\org\seleniumhq\selenium\selenium-ie-driver\4.18.1\selenium-ie-driver-4.18.1.jar;C:\Users\srinu\.m2\repository\org\seleniumhq\selenium\selenium-remote-driver\4.18.1\selenium-remote-driver-4.18.1.jar;C:\Users\srinu\.m2\repository\com\google\guava\guava\33.0.0-jre\guava-33.0.0-jre.jar;C:\Users\srinu\.m2\repository\com\google\guava\failureaccess\1.0.2\failureaccess-1.0.2.jar;C:\Users\srinu\.m2\repository\com\google\guava\listenablefuture\9999.0-empty-to-avoid-conflict-with-guava\listenablefuture-9999.0-empty-to-avoid-conflict-with-guava.jar;C:\Users\srinu\.m2\repository\org\checkerframework\checker-qual\3.41.0\checker-qual-3.41.0.jar;C:\Users\srinu\.m2\repository\com\google\errorprone\error_prone_annotations\2.23.0\error_prone_annotations-2.23.0.jar;C:\Users\srinu\.m2\repository\com\google\j2objc\j2objc-annotations\2.8\j2objc-annotations-2.8.jar;C:\Users\srinu\.m2\repository\io\opentelemetry\semconv\opentelemetry-semconv\1.23.1-alpha\opentelemetry-semconv-1.23.1-alpha.jar;C:\Users\srinu\.m2\repository\io\opentelemetry\opentelemetry-api\1.35.0\opentelemetry-api-1.35.0.jar;C:\Users\srinu\.m2\repository\io\opentelemetry\opentelemetry-context\1.35.0\opentelemetry-context-1.35.0.jar;C:\Users\srinu\.m2\repository\io\opentelemetry\opentelemetry-exporter-logging\1.35.0\opentelemetry-exporter-logging-1.35.0.jar;C:\Users\srinu\.m2\repository\io\opentelemetry\opentelemetry-sdk-common\1.35.0\opentelemetry-sdk-common-1.35.0.jar;C:\Users\srinu\.m2\repository\io\opentelemetry\opentelemetry-sdk-extension-autoconfigure-spi\1.35.0\opentelemetry-sdk-extension-autoconfigure-spi-1.35.0.jar;C:\Users\srinu\.m2\repository\io\opentelemetry\opentelemetry-sdk-extension-autoconfigure\1.35.0\opentelemetry-sdk-extension-autoconfigure-1.35.0.jar;C:\Users\srinu\.m2\repository\io\opentelemetry\opentelemetry-api-events\1.35.0-alpha\opentelemetry-api-events-1.35.0-alpha.jar;C:\Users\srinu\.m2\repository\io\opentelemetry\opentelemetry-sdk-trace\1.35.0\opentelemetry-sdk-trace-1.35.0.jar;C:\Users\srinu\.m2\repository\io\opentelemetry\opentelemetry-extension-incubator\1.35.0-alpha\opentelemetry-extension-incubator-1.35.0-alpha.jar;C:\Users\srinu\.m2\repository\io\opentelemetry\opentelemetry-sdk\1.35.0\opentelemetry-sdk-1.35.0.jar;C:\Users\srinu\.m2\repository\io\opentelemetry\opentelemetry-sdk-metrics\1.35.0\opentelemetry-sdk-metrics-1.35.0.jar;C:\Users\srinu\.m2\repository\io\opentelemetry\opentelemetry-sdk-logs\1.35.0\opentelemetry-sdk-logs-1.35.0.jar;C:\Users\srinu\.m2\repository\net\bytebuddy\byte-buddy\1.14.12\byte-buddy-1.14.12.jar;C:\Users\srinu\.m2\repository\org\seleniumhq\selenium\selenium-os\4.18.1\selenium-os-4.18.1.jar;C:\Users\srinu\.m2\repository\org\apache\commons\commons-exec\1.3\commons-exec-1.3.jar;C:\Users\srinu\.m2\repository\org\seleniumhq\selenium\selenium-safari-driver\4.18.1\selenium-safari-driver-4.18.1.jar;C:\Users\srinu\.m2\repository\org\seleniumhq\selenium\selenium-support\4.18.1\selenium-support-4.18.1.jar;C:\Users\srinu\.m2\repository\org\testng\testng\7.5.1\testng-7.5.1.jar;C:\Users\srinu\.m2\repository\com\google\code\findbugs\jsr305\3.0.1\jsr305-3.0.1.jar;C:\Users\srinu\.m2\repository\com\beust\jcommander\1.78\jcommander-1.78.jar;C:\Users\srinu\.m2\repository\org\webjars\jquery\3.5.1\jquery-3.5.1.jar;C:\Users\srinu\.m2\repository\com\fasterxml\jackson\core\jackson-databind\2.15.2\jackson-databind-2.15.2.jar;C:\Users\srinu\.m2\repository\com\fasterxml\jackson\core\jackson-annotations\2.15.2\jackson-annotations-2.15.2.jar;C:\Users\srinu\.m2\repository\com\fasterxml\jackson\core\jackson-core\2.15.2\jackson-core-2.15.2.jar;C:\Users\srinu\.m2\repository\com\aventstack\extentreports\5.1.0\extentreports-5.1.0.jar;C:\Users\srinu\.m2\repository\io\reactivex\rxjava3\rxjava\3.1.6\rxjava-3.1.6.jar;C:\Users\srinu\.m2\repository\org\reactivestreams\reactive-streams\1.0.4\reactive-streams-1.0.4.jar;C:\Users\srinu\.m2\repository\org\freemarker\freemarker\2.3.32\freemarker-2.3.32.jar;C:\Users\srinu\.m2\repository\org\projectlombok\lombok\1.18.26\lombok-1.18.26.jar;C:\Users\srinu\.m2\repository\com\google\code\gson\gson\2.10.1\gson-2.10.1.jar;"/>
    <property name="java.vm.vendor" value="Oracle Corporation"/>
    <property name="sun.arch.data.model" value="64"/>
    <property name="user.variant" value=""/>
    <property name="java.vendor.url" value="https://java.oracle.com/"/>
    <property name="user.timezone" value="Asia/Calcutta"/>
    <property name="os.name" value="Windows 11"/>
    <property name="java.vm.specification.version" value="17"/>
    <property name="sun.java.launcher" value="SUN_STANDARD"/>
    <property name="user.country" value="IN"/>
    <property name="sun.boot.library.path" value="C:\Program Files\Java\jdk-17\bin"/>
    <property name="sun.java.command" value="C:\Users\srinu\AppData\Local\Temp\surefire15553431736011712629\surefirebooter-20240311124115158_3.jar C:\Users\srinu\AppData\Local\Temp\surefire15553431736011712629 2024-03-11T12-41-14_952-jvmRun1 surefire-20240311124115158_1tmp surefire_0-20240311124115158_2tmp"/>
    <property name="jdk.debug" value="release"/>
    <property name="surefire.test.class.path" value="C:\Users\srinu\eclipse-workspace\EcommerceApplication\target\test-classes;C:\Users\srinu\eclipse-workspace\EcommerceApplication\target\classes;C:\Users\srinu\.m2\repository\junit\junit\4.11\junit-4.11.jar;C:\Users\srinu\.m2\repository\org\hamcrest\hamcrest-core\1.3\hamcrest-core-1.3.jar;C:\Users\srinu\.m2\repository\org\seleniumhq\selenium\selenium-java\4.18.1\selenium-java-4.18.1.jar;C:\Users\srinu\.m2\repository\org\seleniumhq\selenium\selenium-api\4.18.1\selenium-api-4.18.1.jar;C:\Users\srinu\.m2\repository\org\seleniumhq\selenium\selenium-chrome-driver\4.18.1\selenium-chrome-driver-4.18.1.jar;C:\Users\srinu\.m2\repository\com\google\auto\service\auto-service-annotations\1.1.1\auto-service-annotations-1.1.1.jar;C:\Users\srinu\.m2\repository\org\seleniumhq\selenium\selenium-chromium-driver\4.18.1\selenium-chromium-driver-4.18.1.jar;C:\Users\srinu\.m2\repository\org\seleniumhq\selenium\selenium-json\4.18.1\selenium-json-4.18.1.jar;C:\Users\srinu\.m2\repository\org\seleniumhq\selenium\selenium-manager\4.18.1\selenium-manager-4.18.1.jar;C:\Users\srinu\.m2\repository\org\seleniumhq\selenium\selenium-devtools-v120\4.18.1\selenium-devtools-v120-4.18.1.jar;C:\Users\srinu\.m2\repository\org\seleniumhq\selenium\selenium-devtools-v121\4.18.1\selenium-devtools-v121-4.18.1.jar;C:\Users\srinu\.m2\repository\org\seleniumhq\selenium\selenium-devtools-v122\4.18.1\selenium-devtools-v122-4.18.1.jar;C:\Users\srinu\.m2\repository\org\seleniumhq\selenium\selenium-devtools-v85\4.18.1\selenium-devtools-v85-4.18.1.jar;C:\Users\srinu\.m2\repository\org\seleniumhq\selenium\selenium-edge-driver\4.18.1\selenium-edge-driver-4.18.1.jar;C:\Users\srinu\.m2\repository\org\seleniumhq\selenium\selenium-firefox-driver\4.18.1\selenium-firefox-driver-4.18.1.jar;C:\Users\srinu\.m2\repository\org\seleniumhq\selenium\selenium-http\4.18.1\selenium-http-4.18.1.jar;C:\Users\srinu\.m2\repository\dev\failsafe\failsafe\3.3.2\failsafe-3.3.2.jar;C:\Users\srinu\.m2\repository\org\seleniumhq\selenium\selenium-ie-driver\4.18.1\selenium-ie-driver-4.18.1.jar;C:\Users\srinu\.m2\repository\org\seleniumhq\selenium\selenium-remote-driver\4.18.1\selenium-remote-driver-4.18.1.jar;C:\Users\srinu\.m2\repository\com\google\guava\guava\33.0.0-jre\guava-33.0.0-jre.jar;C:\Users\srinu\.m2\repository\com\google\guava\failureaccess\1.0.2\failureaccess-1.0.2.jar;C:\Users\srinu\.m2\repository\com\google\guava\listenablefuture\9999.0-empty-to-avoid-conflict-with-guava\listenablefuture-9999.0-empty-to-avoid-conflict-with-guava.jar;C:\Users\srinu\.m2\repository\org\checkerframework\checker-qual\3.41.0\checker-qual-3.41.0.jar;C:\Users\srinu\.m2\repository\com\google\errorprone\error_prone_annotations\2.23.0\error_prone_annotations-2.23.0.jar;C:\Users\srinu\.m2\repository\com\google\j2objc\j2objc-annotations\2.8\j2objc-annotations-2.8.jar;C:\Users\srinu\.m2\repository\io\opentelemetry\semconv\opentelemetry-semconv\1.23.1-alpha\opentelemetry-semconv-1.23.1-alpha.jar;C:\Users\srinu\.m2\repository\io\opentelemetry\opentelemetry-api\1.35.0\opentelemetry-api-1.35.0.jar;C:\Users\srinu\.m2\repository\io\opentelemetry\opentelemetry-context\1.35.0\opentelemetry-context-1.35.0.jar;C:\Users\srinu\.m2\repository\io\opentelemetry\opentelemetry-exporter-logging\1.35.0\opentelemetry-exporter-logging-1.35.0.jar;C:\Users\srinu\.m2\repository\io\opentelemetry\opentelemetry-sdk-common\1.35.0\opentelemetry-sdk-common-1.35.0.jar;C:\Users\srinu\.m2\repository\io\opentelemetry\opentelemetry-sdk-extension-autoconfigure-spi\1.35.0\opentelemetry-sdk-extension-autoconfigure-spi-1.35.0.jar;C:\Users\srinu\.m2\repository\io\opentelemetry\opentelemetry-sdk-extension-autoconfigure\1.35.0\opentelemetry-sdk-extension-autoconfigure-1.35.0.jar;C:\Users\srinu\.m2\repository\io\opentelemetry\opentelemetry-api-events\1.35.0-alpha\opentelemetry-api-events-1.35.0-alpha.jar;C:\Users\srinu\.m2\repository\io\opentelemetry\opentelemetry-sdk-trace\1.35.0\opentelemetry-sdk-trace-1.35.0.jar;C:\Users\srinu\.m2\repository\io\opentelemetry\opentelemetry-extension-incubator\1.35.0-alpha\opentelemetry-extension-incubator-1.35.0-alpha.jar;C:\Users\srinu\.m2\repository\io\opentelemetry\opentelemetry-sdk\1.35.0\opentelemetry-sdk-1.35.0.jar;C:\Users\srinu\.m2\repository\io\opentelemetry\opentelemetry-sdk-metrics\1.35.0\opentelemetry-sdk-metrics-1.35.0.jar;C:\Users\srinu\.m2\repository\io\opentelemetry\opentelemetry-sdk-logs\1.35.0\opentelemetry-sdk-logs-1.35.0.jar;C:\Users\srinu\.m2\repository\net\bytebuddy\byte-buddy\1.14.12\byte-buddy-1.14.12.jar;C:\Users\srinu\.m2\repository\org\seleniumhq\selenium\selenium-os\4.18.1\selenium-os-4.18.1.jar;C:\Users\srinu\.m2\repository\org\apache\commons\commons-exec\1.3\commons-exec-1.3.jar;C:\Users\srinu\.m2\repository\org\seleniumhq\selenium\selenium-safari-driver\4.18.1\selenium-safari-driver-4.18.1.jar;C:\Users\srinu\.m2\repository\org\seleniumhq\selenium\selenium-support\4.18.1\selenium-support-4.18.1.jar;C:\Users\srinu\.m2\repository\org\testng\testng\7.5.1\testng-7.5.1.jar;C:\Users\srinu\.m2\repository\com\google\code\findbugs\jsr305\3.0.1\jsr305-3.0.1.jar;C:\Users\srinu\.m2\repository\com\beust\jcommander\1.78\jcommander-1.78.jar;C:\Users\srinu\.m2\repository\org\webjars\jquery\3.5.1\jquery-3.5.1.jar;C:\Users\srinu\.m2\repository\com\fasterxml\jackson\core\jackson-databind\2.15.2\jackson-databind-2.15.2.jar;C:\Users\srinu\.m2\repository\com\fasterxml\jackson\core\jackson-annotations\2.15.2\jackson-annotations-2.15.2.jar;C:\Users\srinu\.m2\repository\com\fasterxml\jackson\core\jackson-core\2.15.2\jackson-core-2.15.2.jar;C:\Users\srinu\.m2\repository\com\aventstack\extentreports\5.1.0\extentreports-5.1.0.jar;C:\Users\srinu\.m2\repository\io\reactivex\rxjava3\rxjava\3.1.6\rxjava-3.1.6.jar;C:\Users\srinu\.m2\repository\org\reactivestreams\reactive-streams\1.0.4\reactive-streams-1.0.4.jar;C:\Users\srinu\.m2\repository\org\freemarker\freemarker\2.3.32\freemarker-2.3.32.jar;C:\Users\srinu\.m2\repository\org\projectlombok\lombok\1.18.26\lombok-1.18.26.jar;C:\Users\srinu\.m2\repository\com\google\code\gson\gson\2.10.1\gson-2.10.1.jar;"/>
    <property name="sun.cpu.endian" value="little"/>
    <property name="user.home" value="C:\Users\srinu"/>
    <property name="user.language" value="en"/>
    <property name="java.specification.vendor" value="Oracle Corporation"/>
    <property name="java.version.date" value="2023-04-18"/>
    <property name="java.home" value="C:\Program Files\Java\jdk-17"/>
    <property name="file.separator" value="\"/>
    <property name="basedir" value="C:\Users\srinu\eclipse-workspace\EcommerceApplication"/>
    <property name="java.vm.compressedOopsMode" value="32-bit"/>
    <property name="line.separator" value="&#10;"/>
    <property name="java.vm.specification.vendor" value="Oracle Corporation"/>
    <property name="java.specification.name" value="Java Platform API Specification"/>
    <property name="surefire.real.class.path" value="C:\Users\srinu\AppData\Local\Temp\surefire15553431736011712629\surefirebooter-20240311124115158_3.jar"/>
    <property name="user.script" value=""/>
    <property name="sun.management.compiler" value="HotSpot 64-Bit Tiered Compilers"/>
    <property name="java.runtime.version" value="17.0.7+8-LTS-224"/>
    <property name="user.name" value="srinu"/>
    <property name="path.separator" value=";"/>
    <property name="os.version" value="10.0"/>
    <property name="java.runtime.name" value="Java(TM) SE Runtime Environment"/>
    <property name="file.encoding" value="Cp1252"/>
    <property name="java.vm.name" value="Java HotSpot(TM) 64-Bit Server VM"/>
    <property name="localRepository" value="C:\Users\srinu\.m2\repository"/>
    <property name="java.vendor.url.bug" value="https://bugreport.java.com/bugreport/"/>
    <property name="java.io.tmpdir" value="C:\Users\srinu\AppData\Local\Temp\"/>
    <property name="java.version" value="17.0.7"/>
    <property name="user.dir" value="C:\Users\srinu\eclipse-workspace\EcommerceApplication"/>
    <property name="os.arch" value="amd64"/>
    <property name="java.vm.specification.name" value="Java Virtual Machine Specification"/>
    <property name="sun.os.patch.level" value=""/>
    <property name="native.encoding" value="Cp1252"/>
    <property name="java.library.path" value="C:\Program Files\Java\jdk-17\bin;C:\WINDOWS\Sun\Java\bin;C:\WINDOWS\system32;C:\WINDOWS;C:\Program Files\Common Files\Oracle\Java\javapath;C:\Program Files\Python310\Scripts\;C:\Program Files\Python310\;C:\WINDOWS\system32;C:\WINDOWS;C:\WINDOWS\System32\Wbem;C:\WINDOWS\System32\WindowsPowerShell\v1.0\;C:\WINDOWS\System32\OpenSSH\;C:\Program Files\Python310;C:\Program Files\Python310\Scripts;C:\Program Files\MySQL\MySQL Server 8.0\bin;C:\Program Files\Java\jdk-17\bin;C:\Program Files\nodejs\;C:\Program Files\apache-maven-3.9.0-bin\apache-maven-3.9.0\bin;C:\browserdrivers\chromedriver_win32;C:\Program Files\MySQL\MySQL Shell 8.0\bin\;C:\Users\srinu\AppData\Local\Microsoft\WindowsApps;C:\Users\srinu\AppData\Roaming\npm;C:\Users\srinu\AppData\Local\Programs\Microsoft VS Code\bin;C:\Users\srinu\AppData\Local\GitHubDesktop\bin;."/>
    <property name="java.vm.info" value="mixed mode, sharing"/>
    <property name="java.vendor" value="Oracle Corporation"/>
    <property name="java.vm.version" value="17.0.7+8-LTS-224"/>
    <property name="sun.io.unicode.encoding" value="UnicodeLittle"/>
    <property name="java.class.version" value="61.0"/>
  </properties>
  <testcase name="errorValidation" classname="Ecommerce.TestCases.EcommerceApplication" time="0.0">
    <skipped message="java.lang.NoClassDefFoundError: org/apache/commons/io/FileUtils"/>
  </testcase>
  <testcase name="submitOrder" classname="Ecommerce.TestCases.EcommerceApplication" time="0.0">
    <skipped message="java.lang.NoClassDefFoundError: org/apache/commons/io/FileUtils"/>
  </testcase>
</testsuite>