<?xml version="1.0" encoding="UTF-8"?>
<!-- Generated by org.testng.reporters.JUnitReportReporter -->
<testsuite hostname="LAPTOP-NCRNC175" failures="0" tests="1" name="rahulshettyAcademy.tests.ErrorValidationsTest" time="10.128" errors="0" timestamp="2024-03-01T15:25:27 IST" skipped="0">
  <testcase classname="rahulshettyAcademy.tests.ErrorValidationsTest" name="LoginError" time="10.128"/>
</testsuite> <!-- rahulshettyAcademy.tests.ErrorValidationsTest -->
