<?xml version="1.0" encoding="UTF-8"?>
<!-- Generated by org.testng.reporters.JUnitReportReporter -->
<testsuite hostname="LAPTOP-NCRNC175" failures="0" tests="2" name="Ecommerce.TestCases.EcommerceApplication" time="26.631" errors="0" timestamp="28 Mar 2024 04:55:40 GMT">
  <testcase classname="Ecommerce.TestCases.EcommerceApplication" name="errorValidation" time="7.790"/>
  <testcase classname="Ecommerce.TestCases.EcommerceApplication" name="submitOrder" time="18.841"/>
</testsuite> <!-- Ecommerce.TestCases.EcommerceApplication -->
