<?xml version="1.0" encoding="UTF-8"?>
<!-- Generated by org.testng.reporters.JUnitReportReporter -->
<testsuite hostname="LAPTOP-NCRNC175" failures="0" tests="2" name="Ecommerce.TestCases.EcommerceApplication" time="22.060" errors="0" timestamp="27 Mar 2024 11:44:04 GMT">
  <testcase classname="Ecommerce.TestCases.EcommerceApplication" name="submitOrder" time="16.736"/>
  <testcase classname="Ecommerce.TestCases.EcommerceApplication" name="errorValidation" time="5.324"/>
</testsuite> <!-- Ecommerce.TestCases.EcommerceApplication -->
