<?xml version="1.0" encoding="UTF-8"?>
<!-- Generated by org.testng.reporters.JUnitReportReporter -->
<testsuite hostname="LAPTOP-NCRNC175" failures="0" tests="1" name="rahulshettyAcademy.tests.ErrorValidations" time="4.580" errors="0" timestamp="2023-09-07T10:48:26 IST" skipped="0">
  <testcase classname="rahulshettyAcademy.tests.ErrorValidations" name="submitOrder" time="4.580"/>
</testsuite> <!-- rahulshettyAcademy.tests.ErrorValidations -->
