<?xml version="1.0" encoding="UTF-8"?>
<!-- Generated by org.testng.reporters.JUnitReportReporter -->
<testsuite hostname="LAPTOP-NCRNC175" failures="0" tests="2" name="Ecommerce.TestCases.EcommerceApplication" time="0.000" errors="0" timestamp="2024-03-11T12:41:16 IST" skipped="2">
  <testcase classname="Ecommerce.TestCases.EcommerceApplication" name="errorValidation" time="0.000">
    <skipped/>
  </testcase> <!-- errorValidation -->
  <system-out/>
  <testcase classname="Ecommerce.TestCases.EcommerceApplication" name="submitOrder" time="0.000">
    <skipped/>
  </testcase> <!-- submitOrder -->
  <system-out/>
</testsuite> <!-- Ecommerce.TestCases.EcommerceApplication -->
